<?xml version="1.0" encoding="UTF-8"?>
<testsuite xmlns:xsi="http://www.w3.org/2001/XMLSchema-instance" xsi:noNamespaceSchemaLocation="https://maven.apache.org/surefire/maven-surefire-plugin/xsd/surefire-test-report.xsd" version="3.0.1" name="TestSuite" time="87.205" tests="3" errors="0" skipped="0" failures="0">
  <properties>
[...]
</properties>
  <testcase name="simpleFormDemoTest" classname="lamda.test.TestScenario1" time="54.782">
    <system-out><![CDATA[The Actual message is ->Welcome to LambdaTest
]]></system-out>
    <system-err><![CDATA[SLF4J(W): No SLF4J providers were found.
SLF4J(W): Defaulting to no-operation (NOP) logger implementation
SLF4J(W): See https://www.slf4j.org/codes.html#noProviders for further details.
Apr 30, 2025 7:33:14 AM org.openqa.selenium.remote.tracing.opentelemetry.OpenTelemetryTracer createTracer
INFO: Using OpenTelemetry for tracing
]]></system-err>
  </testcase>
  <testcase name="rangeTest" classname="lamda.test.TestScenario2" time="11.683">
    <system-out><![CDATA[The real rang value is -> 95
]]></system-out>
  </testcase>
  <testcase name="inputFormTest" classname="lamda.test.TestScenario3" time="19.9">
    <system-out><![CDATA[The success message ->Thanks for contacting us, we will get back to you shortly.
]]></system-out>
  </testcase>
</testsuite>